<?xml version="1.0" encoding="UTF-8"?>
<!-- Generated by org.testng.reporters.JUnitReportReporter -->
<testsuite skipped="0" hostname="karthiknaidu" name="com.example.scripts.BrowserTest" tests="1" failures="0" timestamp="2024-02-17T14:32:11 IST" time="12.458" errors="0">
  <testcase name="testExample" time="12.458" classname="com.example.scripts.BrowserTest"/>
  <system-out/>
</testsuite> <!-- com.example.scripts.BrowserTest -->
