<?xml version="1.0" encoding="UTF-8"?>
<!-- Generated by org.testng.reporters.JUnitReportReporter -->
<testsuite skipped="0" hostname="karthiknaidu" name="com.example.scripts.AppTest" tests="1" failures="0" timestamp="2024-02-17T14:32:11 IST" time="0.001" errors="0">
  <testcase name="testApp" time="0.001" classname="com.example.scripts.AppTest"/>
  <system-out/>
</testsuite> <!-- com.example.scripts.AppTest -->
