<?xml version="1.0" encoding="UTF-8"?>
<!-- Generated by org.testng.reporters.JUnitReportReporter -->
<testsuite skipped="0" hostname="karthiknaidu" name="com.example.scripts.BrowserTest" tests="1" failures="0" timestamp="2024-02-21T18:19:10 IST" time="11.248" errors="0">
  <testcase name="testExample" time="11.248" classname="com.example.scripts.BrowserTest"/>
  <system-out/>
</testsuite> <!-- com.example.scripts.BrowserTest -->
